Analysis & Synthesis report for cronometro
Wed May 20 21:02:25 2026
Quartus Prime Version 19.1.0 Build 670 09/22/2019 SJ Lite Edition


---------------------
; Table of Contents ;
---------------------
  1. Legal Notice
  2. Analysis & Synthesis Summary
  3. Analysis & Synthesis Settings
  4. Parallel Compilation
  5. Analysis & Synthesis Source Files Read
  6. Analysis & Synthesis Resource Usage Summary
  7. Analysis & Synthesis Resource Utilization by Entity
  8. User-Specified and Inferred Latches
  9. Registers Removed During Synthesis
 10. General Register Statistics
 11. Inverted Register Statistics
 12. Multiplexer Restructuring Statistics (Restructuring Performed)
 13. Post-Synthesis Netlist Statistics for Top Partition
 14. Elapsed Time Per Partition
 15. Analysis & Synthesis Messages



----------------
; Legal Notice ;
----------------
Copyright (C) 2019  Intel Corporation. All rights reserved.
Your use of Intel Corporation's design tools, logic functions 
and other software and tools, and any partner logic 
functions, and any output files from any of the foregoing 
(including device programming or simulation files), and any 
associated documentation or information are expressly subject 
to the terms and conditions of the Intel Program License 
Subscription Agreement, the Intel Quartus Prime License Agreement,
the Intel FPGA IP License Agreement, or other applicable license
agreement, including, without limitation, that your use is for
the sole purpose of programming logic devices manufactured by
Intel and sold by Intel or its authorized distributors.  Please
refer to the applicable agreement for further details, at
https://fpgasoftware.intel.com/eula.



+-------------------------------------------------------------------------------+
; Analysis & Synthesis Summary                                                  ;
+---------------------------------+---------------------------------------------+
; Analysis & Synthesis Status     ; Successful - Wed May 20 21:02:25 2026       ;
; Quartus Prime Version           ; 19.1.0 Build 670 09/22/2019 SJ Lite Edition ;
; Revision Name                   ; cronometro                                  ;
; Top-level Entity Name           ; cronometro                                  ;
; Family                          ; Cyclone V                                   ;
; Logic utilization (in ALMs)     ; N/A                                         ;
; Total registers                 ; 39                                          ;
; Total pins                      ; 14                                          ;
; Total virtual pins              ; 0                                           ;
; Total block memory bits         ; 0                                           ;
; Total DSP Blocks                ; 0                                           ;
; Total HSSI RX PCSs              ; 0                                           ;
; Total HSSI PMA RX Deserializers ; 0                                           ;
; Total HSSI TX PCSs              ; 0                                           ;
; Total HSSI PMA TX Serializers   ; 0                                           ;
; Total PLLs                      ; 0                                           ;
; Total DLLs                      ; 0                                           ;
+---------------------------------+---------------------------------------------+


+---------------------------------------------------------------------------------------------------------------------------+
; Analysis & Synthesis Settings                                                                                             ;
+---------------------------------------------------------------------------------+--------------------+--------------------+
; Option                                                                          ; Setting            ; Default Value      ;
+---------------------------------------------------------------------------------+--------------------+--------------------+
; Device                                                                          ; 5CGXFC7C7F23C8     ;                    ;
; Top-level entity name                                                           ; cronometro         ; cronometro         ;
; Family name                                                                     ; Cyclone V          ; Cyclone V          ;
; Use smart compilation                                                           ; Off                ; Off                ;
; Enable parallel Assembler and Timing Analyzer during compilation                ; On                 ; On                 ;
; Enable compact report table                                                     ; Off                ; Off                ;
; Restructure Multiplexers                                                        ; Auto               ; Auto               ;
; MLAB Add Timing Constraints For Mixed-Port Feed-Through Mode Setting Don't Care ; Off                ; Off                ;
; Create Debugging Nodes for IP Cores                                             ; Off                ; Off                ;
; Preserve fewer node names                                                       ; On                 ; On                 ;
; Intel FPGA IP Evaluation Mode                                                   ; Enable             ; Enable             ;
; Verilog Version                                                                 ; Verilog_2001       ; Verilog_2001       ;
; VHDL Version                                                                    ; VHDL_1993          ; VHDL_1993          ;
; State Machine Processing                                                        ; Auto               ; Auto               ;
; Safe State Machine                                                              ; Off                ; Off                ;
; Extract Verilog State Machines                                                  ; On                 ; On                 ;
; Extract VHDL State Machines                                                     ; On                 ; On                 ;
; Ignore Verilog initial constructs                                               ; Off                ; Off                ;
; Iteration limit for constant Verilog loops                                      ; 5000               ; 5000               ;
; Iteration limit for non-constant Verilog loops                                  ; 250                ; 250                ;
; Add Pass-Through Logic to Inferred RAMs                                         ; On                 ; On                 ;
; Infer RAMs from Raw Logic                                                       ; On                 ; On                 ;
; Parallel Synthesis                                                              ; On                 ; On                 ;
; DSP Block Balancing                                                             ; Auto               ; Auto               ;
; NOT Gate Push-Back                                                              ; On                 ; On                 ;
; Power-Up Don't Care                                                             ; On                 ; On                 ;
; Remove Redundant Logic Cells                                                    ; Off                ; Off                ;
; Remove Duplicate Registers                                                      ; On                 ; On                 ;
; Ignore CARRY Buffers                                                            ; Off                ; Off                ;
; Ignore CASCADE Buffers                                                          ; Off                ; Off                ;
; Ignore GLOBAL Buffers                                                           ; Off                ; Off                ;
; Ignore ROW GLOBAL Buffers                                                       ; Off                ; Off                ;
; Ignore LCELL Buffers                                                            ; Off                ; Off                ;
; Ignore SOFT Buffers                                                             ; On                 ; On                 ;
; Limit AHDL Integers to 32 Bits                                                  ; Off                ; Off                ;
; Optimization Technique                                                          ; Balanced           ; Balanced           ;
; Carry Chain Length                                                              ; 70                 ; 70                 ;
; Auto Carry Chains                                                               ; On                 ; On                 ;
; Auto Open-Drain Pins                                                            ; On                 ; On                 ;
; Perform WYSIWYG Primitive Resynthesis                                           ; Off                ; Off                ;
; Auto ROM Replacement                                                            ; On                 ; On                 ;
; Auto RAM Replacement                                                            ; On                 ; On                 ;
; Auto DSP Block Replacement                                                      ; On                 ; On                 ;
; Auto Shift Register Replacement                                                 ; Auto               ; Auto               ;
; Allow Shift Register Merging across Hierarchies                                 ; Auto               ; Auto               ;
; Auto Clock Enable Replacement                                                   ; On                 ; On                 ;
; Strict RAM Replacement                                                          ; Off                ; Off                ;
; Allow Synchronous Control Signals                                               ; On                 ; On                 ;
; Force Use of Synchronous Clear Signals                                          ; Off                ; Off                ;
; Auto Resource Sharing                                                           ; Off                ; Off                ;
; Allow Any RAM Size For Recognition                                              ; Off                ; Off                ;
; Allow Any ROM Size For Recognition                                              ; Off                ; Off                ;
; Allow Any Shift Register Size For Recognition                                   ; Off                ; Off                ;
; Use LogicLock Constraints during Resource Balancing                             ; On                 ; On                 ;
; Ignore translate_off and synthesis_off directives                               ; Off                ; Off                ;
; Timing-Driven Synthesis                                                         ; On                 ; On                 ;
; Report Parameter Settings                                                       ; On                 ; On                 ;
; Report Source Assignments                                                       ; On                 ; On                 ;
; Report Connectivity Checks                                                      ; On                 ; On                 ;
; Ignore Maximum Fan-Out Assignments                                              ; Off                ; Off                ;
; Synchronization Register Chain Length                                           ; 3                  ; 3                  ;
; Power Optimization During Synthesis                                             ; Normal compilation ; Normal compilation ;
; HDL message level                                                               ; Level2             ; Level2             ;
; Suppress Register Optimization Related Messages                                 ; Off                ; Off                ;
; Number of Removed Registers Reported in Synthesis Report                        ; 5000               ; 5000               ;
; Number of Swept Nodes Reported in Synthesis Report                              ; 5000               ; 5000               ;
; Number of Inverted Registers Reported in Synthesis Report                       ; 100                ; 100                ;
; Clock MUX Protection                                                            ; On                 ; On                 ;
; Auto Gated Clock Conversion                                                     ; Off                ; Off                ;
; Block Design Naming                                                             ; Auto               ; Auto               ;
; SDC constraint protection                                                       ; Off                ; Off                ;
; Synthesis Effort                                                                ; Auto               ; Auto               ;
; Shift Register Replacement - Allow Asynchronous Clear Signal                    ; On                 ; On                 ;
; Pre-Mapping Resynthesis Optimization                                            ; Off                ; Off                ;
; Analysis & Synthesis Message Level                                              ; Medium             ; Medium             ;
; Disable Register Merging Across Hierarchies                                     ; Auto               ; Auto               ;
; Resource Aware Inference For Block RAM                                          ; On                 ; On                 ;
; Automatic Parallel Synthesis                                                    ; On                 ; On                 ;
; Partial Reconfiguration Bitstream ID                                            ; Off                ; Off                ;
+---------------------------------------------------------------------------------+--------------------+--------------------+


+------------------------------------------+
; Parallel Compilation                     ;
+----------------------------+-------------+
; Processors                 ; Number      ;
+----------------------------+-------------+
; Number detected on machine ; 20          ;
; Maximum allowed            ; 14          ;
;                            ;             ;
; Average used               ; 1.00        ;
; Maximum used               ; 14          ;
;                            ;             ;
; Usage by Processor         ; % Time Used ;
;     Processor 1            ; 100.0%      ;
;     Processor 2            ;   0.0%      ;
;     Processors 3-14        ;   0.0%      ;
+----------------------------+-------------+


+----------------------------------------------------------------------------------------------------------------------------------------+
; Analysis & Synthesis Source Files Read                                                                                                 ;
+----------------------------------+-----------------+-----------------+-------------------------------------------------------+---------+
; File Name with User-Entered Path ; Used in Netlist ; File Type       ; File Name with Absolute Path                          ; Library ;
+----------------------------------+-----------------+-----------------+-------------------------------------------------------+---------+
; cronometro.vhd                   ; yes             ; User VHDL File  ; /home/daniel/sistemas-digitais/quartus/cronometro.vhd ;         ;
; display.vhd                      ; yes             ; User VHDL File  ; /home/daniel/sistemas-digitais/quartus/display.vhd    ;         ;
; asc.vhd                          ; yes             ; User VHDL File  ; /home/daniel/sistemas-digitais/quartus/asc.vhd        ;         ;
; des.vhd                          ; yes             ; User VHDL File  ; /home/daniel/sistemas-digitais/quartus/des.vhd        ;         ;
; divisor_1s.vhd                   ; yes             ; User VHDL File  ; /home/daniel/sistemas-digitais/quartus/divisor_1s.vhd ;         ;
+----------------------------------+-----------------+-----------------+-------------------------------------------------------+---------+


+-----------------------------------------------------------+
; Analysis & Synthesis Resource Usage Summary               ;
+---------------------------------------------+-------------+
; Resource                                    ; Usage       ;
+---------------------------------------------+-------------+
; Estimate of Logic utilization (ALMs needed) ; 42          ;
;                                             ;             ;
; Combinational ALUT usage for logic          ; 72          ;
;     -- 7 input functions                    ; 0           ;
;     -- 6 input functions                    ; 12          ;
;     -- 5 input functions                    ; 6           ;
;     -- 4 input functions                    ; 15          ;
;     -- <=3 input functions                  ; 39          ;
;                                             ;             ;
; Dedicated logic registers                   ; 39          ;
;                                             ;             ;
; I/O pins                                    ; 14          ;
;                                             ;             ;
; Total DSP Blocks                            ; 0           ;
;                                             ;             ;
; Maximum fan-out node                        ; clock~input ;
; Maximum fan-out                             ; 39          ;
; Total fan-out                               ; 424         ;
; Average fan-out                             ; 3.05        ;
+---------------------------------------------+-------------+


+--------------------------------------------------------------------------------------------------------------------------------------------------------------------------------------------------------+
; Analysis & Synthesis Resource Utilization by Entity                                                                                                                                                    ;
+----------------------------+---------------------+---------------------------+-------------------+------------+------+--------------+-------------------------------------+-------------+--------------+
; Compilation Hierarchy Node ; Combinational ALUTs ; Dedicated Logic Registers ; Block Memory Bits ; DSP Blocks ; Pins ; Virtual Pins ; Full Hierarchy Name                 ; Entity Name ; Library Name ;
+----------------------------+---------------------+---------------------------+-------------------+------------+------+--------------+-------------------------------------+-------------+--------------+
; |cronometro                ; 72 (20)             ; 39 (0)                    ; 0                 ; 0          ; 14   ; 0            ; |cronometro                         ; cronometro  ; work         ;
;    |asc:U1|                ; 37 (7)              ; 32 (6)                    ; 0                 ; 0          ; 0    ; 0            ; |cronometro|asc:U1                  ; asc         ; work         ;
;       |divisor_1s:U_DIV|   ; 30 (30)             ; 26 (26)                   ; 0                 ; 0          ; 0    ; 0            ; |cronometro|asc:U1|divisor_1s:U_DIV ; divisor_1s  ; work         ;
;    |des:U2|                ; 15 (8)              ; 7 (7)                     ; 0                 ; 0          ; 0    ; 0            ; |cronometro|des:U2                  ; des         ; work         ;
;       |display:U1|         ; 7 (7)               ; 0 (0)                     ; 0                 ; 0          ; 0    ; 0            ; |cronometro|des:U2|display:U1       ; display     ; work         ;
+----------------------------+---------------------+---------------------------+-------------------+------------+------+--------------+-------------------------------------+-------------+--------------+
Note: For table entries with two numbers listed, the numbers in parentheses indicate the number of resources of the given type used by the specific entity alone. The numbers listed outside of parentheses indicate the total resources of the given type used by the specific entity and all of its sub-entities in the hierarchy.


+----------------------------------------------------------------------------------------------------+
; User-Specified and Inferred Latches                                                                ;
+-----------------------------------------------------+---------------------+------------------------+
; Latch Name                                          ; Latch Enable Signal ; Free of Timing Hazards ;
+-----------------------------------------------------+---------------------+------------------------+
; saida_display[0]$latch                              ; btnStop             ; yes                    ;
; saida_display[1]$latch                              ; btnStop             ; yes                    ;
; saida_display[2]$latch                              ; btnStop             ; yes                    ;
; saida_display[3]$latch                              ; btnStop             ; yes                    ;
; saida_display[4]$latch                              ; btnStop             ; yes                    ;
; saida_display[5]$latch                              ; btnStop             ; yes                    ;
; saida_display[6]$latch                              ; btnStop             ; yes                    ;
; led[0]$latch                                        ; btnStop             ; yes                    ;
; led[1]$latch                                        ; btnStop             ; yes                    ;
; led[2]$latch                                        ; btnStop             ; yes                    ;
; Number of user-specified and inferred latches = 10  ;                     ;                        ;
+-----------------------------------------------------+---------------------+------------------------+
Note: All latches listed above may not be present at the end of synthesis due to various synthesis optimizations.


+-----------------------------------------------------------------------------------------------+
; Registers Removed During Synthesis                                                            ;
+-----------------------------------------+-----------------------------------------------------+
; Register name                           ; Reason for Removal                                  ;
+-----------------------------------------+-----------------------------------------------------+
; des:U2|divisor_1s:U_DIV|tick_signal     ; Merged with asc:U1|divisor_1s:U_DIV|tick_signal     ;
; des:U2|divisor_1s:U_DIV|counter_div[22] ; Merged with asc:U1|divisor_1s:U_DIV|counter_div[22] ;
; des:U2|divisor_1s:U_DIV|counter_div[21] ; Merged with asc:U1|divisor_1s:U_DIV|counter_div[21] ;
; des:U2|divisor_1s:U_DIV|counter_div[18] ; Merged with asc:U1|divisor_1s:U_DIV|counter_div[18] ;
; des:U2|divisor_1s:U_DIV|counter_div[9]  ; Merged with asc:U1|divisor_1s:U_DIV|counter_div[9]  ;
; des:U2|divisor_1s:U_DIV|counter_div[8]  ; Merged with asc:U1|divisor_1s:U_DIV|counter_div[8]  ;
; des:U2|divisor_1s:U_DIV|counter_div[6]  ; Merged with asc:U1|divisor_1s:U_DIV|counter_div[6]  ;
; des:U2|divisor_1s:U_DIV|counter_div[24] ; Merged with asc:U1|divisor_1s:U_DIV|counter_div[24] ;
; des:U2|divisor_1s:U_DIV|counter_div[23] ; Merged with asc:U1|divisor_1s:U_DIV|counter_div[23] ;
; des:U2|divisor_1s:U_DIV|counter_div[20] ; Merged with asc:U1|divisor_1s:U_DIV|counter_div[20] ;
; des:U2|divisor_1s:U_DIV|counter_div[19] ; Merged with asc:U1|divisor_1s:U_DIV|counter_div[19] ;
; des:U2|divisor_1s:U_DIV|counter_div[17] ; Merged with asc:U1|divisor_1s:U_DIV|counter_div[17] ;
; des:U2|divisor_1s:U_DIV|counter_div[16] ; Merged with asc:U1|divisor_1s:U_DIV|counter_div[16] ;
; des:U2|divisor_1s:U_DIV|counter_div[15] ; Merged with asc:U1|divisor_1s:U_DIV|counter_div[15] ;
; des:U2|divisor_1s:U_DIV|counter_div[14] ; Merged with asc:U1|divisor_1s:U_DIV|counter_div[14] ;
; des:U2|divisor_1s:U_DIV|counter_div[13] ; Merged with asc:U1|divisor_1s:U_DIV|counter_div[13] ;
; des:U2|divisor_1s:U_DIV|counter_div[12] ; Merged with asc:U1|divisor_1s:U_DIV|counter_div[12] ;
; des:U2|divisor_1s:U_DIV|counter_div[11] ; Merged with asc:U1|divisor_1s:U_DIV|counter_div[11] ;
; des:U2|divisor_1s:U_DIV|counter_div[10] ; Merged with asc:U1|divisor_1s:U_DIV|counter_div[10] ;
; des:U2|divisor_1s:U_DIV|counter_div[7]  ; Merged with asc:U1|divisor_1s:U_DIV|counter_div[7]  ;
; des:U2|divisor_1s:U_DIV|counter_div[5]  ; Merged with asc:U1|divisor_1s:U_DIV|counter_div[5]  ;
; des:U2|divisor_1s:U_DIV|counter_div[4]  ; Merged with asc:U1|divisor_1s:U_DIV|counter_div[4]  ;
; des:U2|divisor_1s:U_DIV|counter_div[3]  ; Merged with asc:U1|divisor_1s:U_DIV|counter_div[3]  ;
; des:U2|divisor_1s:U_DIV|counter_div[2]  ; Merged with asc:U1|divisor_1s:U_DIV|counter_div[2]  ;
; des:U2|divisor_1s:U_DIV|counter_div[1]  ; Merged with asc:U1|divisor_1s:U_DIV|counter_div[1]  ;
; des:U2|divisor_1s:U_DIV|counter_div[0]  ; Merged with asc:U1|divisor_1s:U_DIV|counter_div[0]  ;
; asc:U1|contador[0]                      ; Merged with des:U2|contador[0]                      ;
; Total Number of Removed Registers = 27  ;                                                     ;
+-----------------------------------------+-----------------------------------------------------+


+------------------------------------------------------+
; General Register Statistics                          ;
+----------------------------------------------+-------+
; Statistic                                    ; Value ;
+----------------------------------------------+-------+
; Total registers                              ; 39    ;
; Number of registers using Synchronous Clear  ; 25    ;
; Number of registers using Synchronous Load   ; 0     ;
; Number of registers using Asynchronous Clear ; 39    ;
; Number of registers using Asynchronous Load  ; 0     ;
; Number of registers using Clock Enable       ; 7     ;
; Number of registers using Preset             ; 0     ;
+----------------------------------------------+-------+


+--------------------------------------------------+
; Inverted Register Statistics                     ;
+----------------------------------------+---------+
; Inverted Register                      ; Fan out ;
+----------------------------------------+---------+
; des:U2|contador[0]                     ; 25      ;
; des:U2|contador[3]                     ; 12      ;
; des:U2|temp_led[0]                     ; 4       ;
; des:U2|temp_led[2]                     ; 3       ;
; Total number of inverted registers = 4 ;         ;
+----------------------------------------+---------+


+----------------------------------------------------------------------------------------------------------------------------------------------+
; Multiplexer Restructuring Statistics (Restructuring Performed)                                                                               ;
+--------------------+-----------+---------------+----------------------+------------------------+------------+--------------------------------+
; Multiplexer Inputs ; Bus Width ; Baseline Area ; Area if Restructured ; Saving if Restructured ; Registered ; Example Multiplexer Output     ;
+--------------------+-----------+---------------+----------------------+------------------------+------------+--------------------------------+
; 3:1                ; 2 bits    ; 4 LEs         ; 4 LEs                ; 0 LEs                  ; Yes        ; |cronometro|des:U2|contador[2] ;
; 3:1                ; 3 bits    ; 6 LEs         ; 3 LEs                ; 3 LEs                  ; Yes        ; |cronometro|asc:U1|temp_led[2] ;
; 3:1                ; 4 bits    ; 8 LEs         ; 8 LEs                ; 0 LEs                  ; Yes        ; |cronometro|asc:U1|contador[0] ;
; 3:1                ; 3 bits    ; 6 LEs         ; 3 LEs                ; 3 LEs                  ; Yes        ; |cronometro|des:U2|temp_led[0] ;
; 3:1                ; 2 bits    ; 4 LEs         ; 4 LEs                ; 0 LEs                  ; Yes        ; |cronometro|des:U2|contador[3] ;
+--------------------+-----------+---------------+----------------------+------------------------+------------+--------------------------------+


+-----------------------------------------------------+
; Post-Synthesis Netlist Statistics for Top Partition ;
+-----------------------+-----------------------------+
; Type                  ; Count                       ;
+-----------------------+-----------------------------+
; arriav_ff             ; 39                          ;
;     CLR               ; 7                           ;
;     CLR SCLR          ; 25                          ;
;     ENA CLR           ; 7                           ;
; arriav_lcell_comb     ; 72                          ;
;     arith             ; 25                          ;
;         1 data inputs ; 25                          ;
;     normal            ; 47                          ;
;         1 data inputs ; 1                           ;
;         3 data inputs ; 13                          ;
;         4 data inputs ; 15                          ;
;         5 data inputs ; 6                           ;
;         6 data inputs ; 12                          ;
; boundary_port         ; 14                          ;
;                       ;                             ;
; Max LUT depth         ; 3.40                        ;
; Average LUT depth     ; 2.33                        ;
+-----------------------+-----------------------------+


+-------------------------------+
; Elapsed Time Per Partition    ;
+----------------+--------------+
; Partition Name ; Elapsed Time ;
+----------------+--------------+
; Top            ; 00:00:00     ;
+----------------+--------------+


+-------------------------------+
; Analysis & Synthesis Messages ;
+-------------------------------+
Info: *******************************************************************
Info: Running Quartus Prime Analysis & Synthesis
    Info: Version 19.1.0 Build 670 09/22/2019 SJ Lite Edition
    Info: Processing started: Wed May 20 21:02:18 2026
Info: Command: quartus_map --read_settings_files=on --write_settings_files=off cronometro -c cronometro
Warning (18236): Number of processors has not been specified which may cause overloading on shared machines.  Set the global assignment NUM_PARALLEL_PROCESSORS in your QSF to an appropriate value for best performance.
Info (20030): Parallel compilation is enabled and will use 14 of the 14 processors detected
Info (12021): Found 2 design units, including 1 entities, in source file cronometro.vhd
    Info (12022): Found design unit 1: cronometro-arch File: /home/daniel/sistemas-digitais/quartus/cronometro.vhd Line: 18
    Info (12023): Found entity 1: cronometro File: /home/daniel/sistemas-digitais/quartus/cronometro.vhd Line: 5
Info (12021): Found 2 design units, including 1 entities, in source file display.vhd
    Info (12022): Found design unit 1: display-arch File: /home/daniel/sistemas-digitais/quartus/display.vhd Line: 12
    Info (12023): Found entity 1: display File: /home/daniel/sistemas-digitais/quartus/display.vhd Line: 5
Info (12021): Found 2 design units, including 1 entities, in source file asc.vhd
    Info (12022): Found design unit 1: asc-arch File: /home/daniel/sistemas-digitais/quartus/asc.vhd Line: 13
    Info (12023): Found entity 1: asc File: /home/daniel/sistemas-digitais/quartus/asc.vhd Line: 5
Info (12021): Found 2 design units, including 1 entities, in source file des.vhd
    Info (12022): Found design unit 1: des-arch File: /home/daniel/sistemas-digitais/quartus/des.vhd Line: 16
    Info (12023): Found entity 1: des File: /home/daniel/sistemas-digitais/quartus/des.vhd Line: 5
Info (12021): Found 2 design units, including 1 entities, in source file divisor_1s.vhd
    Info (12022): Found design unit 1: divisor_1s-arch File: /home/daniel/sistemas-digitais/quartus/divisor_1s.vhd Line: 13
    Info (12023): Found entity 1: divisor_1s File: /home/daniel/sistemas-digitais/quartus/divisor_1s.vhd Line: 5
Info (12127): Elaborating entity "cronometro" for the top level hierarchy
Warning (10631): VHDL Process Statement warning at cronometro.vhd(25): inferring latch(es) for signal or variable "saida_display", which holds its previous value in one or more paths through the process File: /home/daniel/sistemas-digitais/quartus/cronometro.vhd Line: 25
Warning (10631): VHDL Process Statement warning at cronometro.vhd(25): inferring latch(es) for signal or variable "led", which holds its previous value in one or more paths through the process File: /home/daniel/sistemas-digitais/quartus/cronometro.vhd Line: 25
Info (10041): Inferred latch for "led[0]" at cronometro.vhd(25) File: /home/daniel/sistemas-digitais/quartus/cronometro.vhd Line: 25
Info (10041): Inferred latch for "led[1]" at cronometro.vhd(25) File: /home/daniel/sistemas-digitais/quartus/cronometro.vhd Line: 25
Info (10041): Inferred latch for "led[2]" at cronometro.vhd(25) File: /home/daniel/sistemas-digitais/quartus/cronometro.vhd Line: 25
Info (10041): Inferred latch for "saida_display[0]" at cronometro.vhd(25) File: /home/daniel/sistemas-digitais/quartus/cronometro.vhd Line: 25
Info (10041): Inferred latch for "saida_display[1]" at cronometro.vhd(25) File: /home/daniel/sistemas-digitais/quartus/cronometro.vhd Line: 25
Info (10041): Inferred latch for "saida_display[2]" at cronometro.vhd(25) File: /home/daniel/sistemas-digitais/quartus/cronometro.vhd Line: 25
Info (10041): Inferred latch for "saida_display[3]" at cronometro.vhd(25) File: /home/daniel/sistemas-digitais/quartus/cronometro.vhd Line: 25
Info (10041): Inferred latch for "saida_display[4]" at cronometro.vhd(25) File: /home/daniel/sistemas-digitais/quartus/cronometro.vhd Line: 25
Info (10041): Inferred latch for "saida_display[5]" at cronometro.vhd(25) File: /home/daniel/sistemas-digitais/quartus/cronometro.vhd Line: 25
Info (10041): Inferred latch for "saida_display[6]" at cronometro.vhd(25) File: /home/daniel/sistemas-digitais/quartus/cronometro.vhd Line: 25
Info (12128): Elaborating entity "asc" for hierarchy "asc:U1" File: /home/daniel/sistemas-digitais/quartus/cronometro.vhd Line: 22
Info (12128): Elaborating entity "divisor_1s" for hierarchy "asc:U1|divisor_1s:U_DIV" File: /home/daniel/sistemas-digitais/quartus/asc.vhd Line: 23
Info (12128): Elaborating entity "display" for hierarchy "asc:U1|display:U1" File: /home/daniel/sistemas-digitais/quartus/asc.vhd Line: 48
Info (12128): Elaborating entity "des" for hierarchy "des:U2" File: /home/daniel/sistemas-digitais/quartus/cronometro.vhd Line: 23
Info (286030): Timing-Driven Synthesis is running
Critical Warning (18061): Ignored Power-Up Level option on the following registers
    Critical Warning (18010): Register des:U2|temp_led[0] will power up to High File: /home/daniel/sistemas-digitais/quartus/des.vhd Line: 31
    Critical Warning (18010): Register des:U2|temp_led[1] will power up to Low File: /home/daniel/sistemas-digitais/quartus/des.vhd Line: 31
Info (16010): Generating hard_block partition "hard_block:auto_generated_inst"
    Info (16011): Adding 0 node(s), including 0 DDIO, 0 PLL, 0 transceiver and 0 LCELL
Info (21057): Implemented 87 device resources after synthesis - the final resource count might be different
    Info (21058): Implemented 4 input pins
    Info (21059): Implemented 10 output pins
    Info (21061): Implemented 73 logic cells
Info: Quartus Prime Analysis & Synthesis was successful. 0 errors, 6 warnings
    Info: Peak virtual memory: 1078 megabytes
    Info: Processing ended: Wed May 20 21:02:25 2026
    Info: Elapsed time: 00:00:07
    Info: Total CPU time (on all processors): 00:00:12


